<?xml version="1.0" encoding="UTF-8"?>
<!-- Generated by org.testng.reporters.JUnitReportReporter -->
<testsuite hostname="UDAY" failures="0" tests="2" name="testngframework.BeforeAndAfterTestExample2" time="0.050" errors="0" timestamp="2023-03-29T20:28:12 IST" skipped="0">
  <testcase classname="testngframework.BeforeAndAfterTestExample2" name="test2" time="0.013"/>
  <system-out/>
  <testcase classname="testngframework.BeforeAndAfterTestExample2" name="test1" time="0.037"/>
  <system-out/>
</testsuite> <!-- testngframework.BeforeAndAfterTestExample2 -->
