<?xml version="1.0" encoding="UTF-8"?>
<!-- Generated by org.testng.reporters.JUnitReportReporter -->
<testsuite hostname="UDAY" failures="0" tests="4" name="testngframework.DriverSetup" time="11.054" errors="0" timestamp="2023-03-28T21:25:08 IST" skipped="0">
  <testcase classname="testngframework.DriverSetup" name="t2" time="0.004"/>
  <system-out/>
  <testcase classname="testngframework.DriverSetup" name="t3" time="0.067"/>
  <system-out/>
  <testcase classname="testngframework.DriverSetup" name="t1" time="0.004"/>
  <system-out/>
  <testcase classname="testngframework.DriverSetup" name="launch" time="10.979"/>
  <system-out/>
</testsuite> <!-- testngframework.DriverSetup -->
