<?xml version="1.0" encoding="UTF-8"?>
<!-- Generated by org.testng.reporters.JUnitReportReporter -->
<testsuite hostname="UDAY" failures="0" tests="1" name="testngframework.BeforeAndAfterTestExample" time="0.147" errors="0" timestamp="2023-03-29T20:18:08 IST" skipped="0">
  <testcase classname="testngframework.BeforeAndAfterTestExample" name="getTitle" time="0.147"/>
  <system-out/>
</testsuite> <!-- testngframework.BeforeAndAfterTestExample -->
