<?xml version="1.0" encoding="UTF-8"?>
<!-- Generated by org.testng.reporters.JUnitReportReporter -->
<testsuite hostname="UDAY" failures="0" tests="2" name="testngframework.NewTest" time="39.200" errors="0" timestamp="2023-03-28T20:43:42 IST" skipped="0">
  <testcase classname="testngframework.NewTest" name="f" time="0.029"/>
  <system-out/>
  <testcase classname="testngframework.NewTest" name="homePage" time="39.171"/>
  <system-out/>
</testsuite> <!-- testngframework.NewTest -->
