<?xml version="1.0" encoding="UTF-8"?>
<!-- Generated by org.testng.reporters.JUnitReportReporter -->
<testsuite hostname="UDAY" failures="0" tests="3" name="testngframework.DataProviderTest2" time="0.056" errors="0" timestamp="2023-03-30T20:41:40 IST" skipped="0">
  <testcase classname="testngframework.DataProviderTest2" name="setData" time="0.007"/>
  <system-out/>
  <testcase classname="testngframework.DataProviderTest2" name="setData" time="0.014"/>
  <system-out/>
  <testcase classname="testngframework.DataProviderTest2" name="setData" time="0.035"/>
  <system-out/>
</testsuite> <!-- testngframework.DataProviderTest2 -->
