<?xml version="1.0" encoding="UTF-8"?>
<!-- Generated by org.testng.reporters.JUnitReportReporter -->
<testsuite hostname="UDAY" failures="0" tests="11" name="testngframework.GroupingInTestNGExample" time="0.110" errors="0" timestamp="2023-03-29T21:15:45 IST" skipped="2">
  <testcase classname="testngframework.GroupingInTestNGExample" name="hondaBike" time="0.011"/>
  <system-out/>
  <testcase classname="testngframework.GroupingInTestNGExample" name="hondaBike" time="0.009"/>
  <system-out/>
  <testcase classname="testngframework.GroupingInTestNGExample" name="hondaBike" time="0.041"/>
  <system-out/>
  <testcase classname="testngframework.GroupingInTestNGExample" name="hondaBike" time="0.010"/>
  <system-out/>
  <testcase classname="testngframework.GroupingInTestNGExample" name="hondaBike" time="0.009"/>
  <system-out/>
  <testcase classname="testngframework.GroupingInTestNGExample" name="mercedizBike" time="0.004"/>
  <system-out/>
  <testcase classname="testngframework.GroupingInTestNGExample" name="tataCar" time="0.004"/>
  <system-out/>
  <testcase classname="testngframework.GroupingInTestNGExample" name="suzukiCar" time="0.014"/>
  <system-out/>
  <testcase classname="testngframework.GroupingInTestNGExample" name="audiCar" time="0.008"/>
  <system-out/>
  <testcase classname="testngframework.GroupingInTestNGExample" name="hyundaiBike">
    <skipped/>
  </testcase> <!-- hyundaiBike -->
  <system-out/>
  <testcase classname="testngframework.GroupingInTestNGExample" name="tvsBike">
    <skipped/>
  </testcase> <!-- tvsBike -->
  <system-out/>
</testsuite> <!-- testngframework.GroupingInTestNGExample -->
