<?xml version="1.0" encoding="UTF-8"?>
<!-- Generated by org.testng.reporters.JUnitReportReporter -->
<testsuite hostname="UDAY" failures="0" tests="3" name="testngframework.ParameterTestThroughXML" time="0.121" errors="0" timestamp="2023-03-30T20:21:19 IST" skipped="0">
  <testcase classname="testngframework.ParameterTestThroughXML" name="setName" time="0.093"/>
  <system-out/>
  <testcase classname="testngframework.ParameterTestThroughXML" name="setSchoolName" time="0.013"/>
  <system-out/>
  <testcase classname="testngframework.ParameterTestThroughXML" name="setRollNo" time="0.015"/>
  <system-out/>
</testsuite> <!-- testngframework.ParameterTestThroughXML -->
